<?xml version="1.0" encoding="UTF-8"?>
<!-- Generated by org.testng.reporters.JUnitReportReporter -->
<testsuite hostname="DESKTOP-7J3NFB2" name="com.tm.TestCases.TestCase_emergecyContact" tests="1" failures="0" timestamp="7 Aug 2019 08:42:23 GMT" time="42.232" errors="0">
  <testcase name="TC0003_Emergencycontact" time="42.232" classname="com.tm.TestCases.TestCase_emergecyContact"/>
</testsuite> <!-- com.tm.TestCases.TestCase_emergecyContact -->
