<?xml version="1.0" encoding="UTF-8"?>
<!-- Generated by org.testng.reporters.JUnitReportReporter -->
<testsuite hostname="DESKTOP-7J3NFB2" name="com.tm.TestCases.TestCase_FBregtr" tests="1" failures="0" timestamp="8 Aug 2019 11:14:44 GMT" time="25.769" errors="0">
  <testcase name="TC01_EditFBreg" time="25.769" classname="com.tm.TestCases.TestCase_FBregtr"/>
</testsuite> <!-- com.tm.TestCases.TestCase_FBregtr -->
