<?xml version="1.0" encoding="UTF-8"?>
<!-- Generated by org.testng.reporters.JUnitReportReporter -->
<testsuite hostname="DESKTOP-7J3NFB2" name="com.tm.TestCases.TestCases_Myinfo" tests="1" failures="0" timestamp="6 Aug 2019 14:54:11 GMT" time="50.509" errors="0">
  <testcase name="TC203_AddMembership" time="50.509" classname="com.tm.TestCases.TestCases_Myinfo"/>
</testsuite> <!-- com.tm.TestCases.TestCases_Myinfo -->
