<?xml version="1.0" encoding="UTF-8"?>
<!-- Generated by org.testng.reporters.JUnitReportReporter -->
<testsuite hostname="DESKTOP-7J3NFB2" name="com.tm.TestCases.TestCase_NaukriReg" tests="1" failures="0" timestamp="19 Aug 2019 09:20:53 GMT" time="102.135" errors="0">
  <testcase name="TC0012_naukriregister" time="102.135" classname="com.tm.TestCases.TestCase_NaukriReg"/>
</testsuite> <!-- com.tm.TestCases.TestCase_NaukriReg -->
