<?xml version="1.0" encoding="UTF-8"?>
<!-- Generated by org.testng.reporters.JUnitReportReporter -->
<testsuite hostname="DESKTOP-7J3NFB2" name="com.tm.TestCases.TestCases_Leave" tests="2" failures="0" timestamp="6 Aug 2019 14:43:26 GMT" time="50.190" errors="0">
  <testcase name="TC102_ApplyLeave" time="33.686" classname="com.tm.TestCases.TestCases_Leave"/>
  <testcase name="TC101_verifyLoginFunctionality" time="16.504" classname="com.tm.TestCases.TestCases_Leave"/>
</testsuite> <!-- com.tm.TestCases.TestCases_Leave -->
