<?xml version="1.0" encoding="UTF-8"?>
<!-- Generated by org.testng.reporters.JUnitReportReporter -->
<testsuite hostname="DESKTOP-7J3NFB2" name="com.tm.TestCases.TestCase_editLinkden" tests="1" failures="0" timestamp="30 Aug 2019 06:45:14 GMT" time="29.297" errors="0">
  <testcase name="TC0123_Linkdenregister" time="29.297" classname="com.tm.TestCases.TestCase_editLinkden"/>
</testsuite> <!-- com.tm.TestCases.TestCase_editLinkden -->
