<?xml version="1.0" encoding="UTF-8"?>
<!-- Generated by org.testng.reporters.JUnitReportReporter -->
<testsuite hostname="DESKTOP-7J3NFB2" name="com.tm.TestCases.TestCase_yahoodetails" tests="1" failures="0" timestamp="1 Sep 2019 10:49:13 GMT" time="41.308" errors="0">
  <testcase name="TC0123_yahoopage" time="41.308" classname="com.tm.TestCases.TestCase_yahoodetails"/>
</testsuite> <!-- com.tm.TestCases.TestCase_yahoodetails -->
