<?xml version="1.0" encoding="UTF-8"?>
<!-- Generated by org.testng.reporters.JUnitReportReporter -->
<testsuite hostname="DESKTOP-7J3NFB2" name="com.tm.TestCases.TestCases_MyLeave" tests="1" failures="0" timestamp="6 Aug 2019 14:43:26 GMT" time="28.474" errors="0">
  <testcase name="TC001_Myleave" time="28.474" classname="com.tm.TestCases.TestCases_MyLeave"/>
</testsuite> <!-- com.tm.TestCases.TestCases_MyLeave -->
