<?xml version="1.0" encoding="UTF-8"?>
<!-- Generated by org.testng.reporters.JUnitReportReporter -->
<testsuite hostname="DESKTOP-7J3NFB2" name="com.tm.TestCases.TestCase_Flipkartlogin" tests="1" failures="0" timestamp="11 Aug 2019 12:47:50 GMT" time="75.347" errors="0">
  <testcase name="TC123_flipKartLogin" time="75.347" classname="com.tm.TestCases.TestCase_Flipkartlogin"/>
</testsuite> <!-- com.tm.TestCases.TestCase_Flipkartlogin -->
