<?xml version="1.0" encoding="UTF-8"?>
<!-- Generated by org.testng.reporters.JUnitReportReporter -->
<testsuite hostname="DESKTOP-7J3NFB2" name="com.tm.TestCases.TestCases_EditingEmergencycontact" tests="1" failures="0" timestamp="8 Aug 2019 07:13:54 GMT" time="32.911" errors="0">
  <testcase name="TC0010_EditEmgContact" time="32.911" classname="com.tm.TestCases.TestCases_EditingEmergencycontact"/>
</testsuite> <!-- com.tm.TestCases.TestCases_EditingEmergencycontact -->
