<?xml version="1.0" encoding="UTF-8"?>
<!-- Generated by org.testng.reporters.JUnitReportReporter -->
<testsuite hostname="DESKTOP-7J3NFB2" name="com.tm.TestCases.TestCase_editcontactdetails" tests="1" failures="0" timestamp="8 Aug 2019 08:42:08 GMT" time="34.035" errors="0">
  <testcase name="TC0010_EditEmgContact" time="34.035" classname="com.tm.TestCases.TestCase_editcontactdetails"/>
</testsuite> <!-- com.tm.TestCases.TestCase_editcontactdetails -->
